<?xml version="1.0" encoding="UTF-8" ?>
<testsuite tests="1" failures="0" name="com.dongnao.mall.LoginRepositoryTest" time="0.08" errors="0" skipped="0">
  <properties>
    <property name="java.runtime.name" value="Java(TM) SE Runtime Environment"/>
    <property name="sun.boot.library.path" value="/Library/Java/JavaVirtualMachines/jdk1.8.0_201.jdk/Contents/Home/jre/lib"/>
    <property name="java.vm.version" value="25.201-b09"/>
    <property name="gopherProxySet" value="false"/>
    <property name="java.vm.vendor" value="Oracle Corporation"/>
    <property name="java.vendor.url" value="http://java.oracle.com/"/>
    <property name="path.separator" value=":"/>
    <property name="java.vm.name" value="Java HotSpot(TM) 64-Bit Server VM"/>
    <property name="file.encoding.pkg" value="sun.io"/>
    <property name="user.country" value="CN"/>
    <property name="sun.java.launcher" value="SUN_STANDARD"/>
    <property name="sun.os.patch.level" value="unknown"/>
    <property name="java.vm.specification.name" value="Java Virtual Machine Specification"/>
    <property name="user.dir" value="/Users/hank/work/dn_workspace_doing/HhMavenStudy/repository"/>
    <property name="java.runtime.version" value="1.8.0_201-b09"/>
    <property name="java.awt.graphicsenv" value="sun.awt.CGraphicsEnvironment"/>
    <property name="basedir" value="/Users/hank/work/dn_workspace_doing/HhMavenStudy/repository"/>
    <property name="java.endorsed.dirs" value="/Library/Java/JavaVirtualMachines/jdk1.8.0_201.jdk/Contents/Home/jre/lib/endorsed"/>
    <property name="os.arch" value="x86_64"/>
    <property name="surefire.real.class.path" value="/Users/hank/work/dn_workspace_doing/HhMavenStudy/repository/target/surefire/surefirebooter4756676929836921262.jar"/>
    <property name="java.io.tmpdir" value="/var/folders/11/069s26_x4gq719drdlbcf90w0000gn/T/"/>
    <property name="line.separator" value="
"/>
    <property name="java.vm.specification.vendor" value="Oracle Corporation"/>
    <property name="os.name" value="Mac OS X"/>
    <property name="sun.jnu.encoding" value="UTF-8"/>
    <property name="java.library.path" value="/Users/hank/Library/Java/Extensions:/Library/Java/Extensions:/Network/Library/Java/Extensions:/System/Library/Java/Extensions:/usr/lib/java:."/>
    <property name="surefire.test.class.path" value="/Users/hank/work/dn_workspace_doing/HhMavenStudy/repository/target/test-classes:/Users/hank/work/dn_workspace_doing/HhMavenStudy/repository/target/classes:/Users/hank/work/dn_workspace_doing/HhMavenStudy/repository/test/repository/junit/junit/4.11/junit-4.11.jar:/Users/hank/work/dn_workspace_doing/HhMavenStudy/repository/test/repository/org/hamcrest/hamcrest-core/1.3/hamcrest-core-1.3.jar:/Users/hank/work/dn_workspace_doing/HhMavenStudy/repository/test/repository/com/alibaba/dubbo/2.5.3/dubbo-2.5.3.jar:/Users/hank/work/dn_workspace_doing/HhMavenStudy/repository/test/repository/org/springframework/spring/2.5.6.SEC03/spring-2.5.6.SEC03.jar:/Users/hank/work/dn_workspace_doing/HhMavenStudy/repository/test/repository/commons-logging/commons-logging/1.1.1/commons-logging-1.1.1.jar:/Users/hank/work/dn_workspace_doing/HhMavenStudy/repository/test/repository/org/javassist/javassist/3.15.0-GA/javassist-3.15.0-GA.jar:/Users/hank/work/dn_workspace_doing/HhMavenStudy/repository/test/repository/org/jboss/netty/netty/3.2.5.Final/netty-3.2.5.Final.jar:"/>
    <property name="java.specification.name" value="Java Platform API Specification"/>
    <property name="java.class.version" value="52.0"/>
    <property name="sun.management.compiler" value="HotSpot 64-Bit Tiered Compilers"/>
    <property name="os.version" value="10.13"/>
    <property name="user.home" value="/Users/hank"/>
    <property name="user.timezone" value=""/>
    <property name="java.awt.printerjob" value="sun.lwawt.macosx.CPrinterJob"/>
    <property name="java.specification.version" value="1.8"/>
    <property name="file.encoding" value="UTF-8"/>
    <property name="user.name" value="hank"/>
    <property name="java.class.path" value="/Users/hank/work/dn_workspace_doing/HhMavenStudy/repository/target/test-classes:/Users/hank/work/dn_workspace_doing/HhMavenStudy/repository/target/classes:/Users/hank/work/dn_workspace_doing/HhMavenStudy/repository/test/repository/junit/junit/4.11/junit-4.11.jar:/Users/hank/work/dn_workspace_doing/HhMavenStudy/repository/test/repository/org/hamcrest/hamcrest-core/1.3/hamcrest-core-1.3.jar:/Users/hank/work/dn_workspace_doing/HhMavenStudy/repository/test/repository/com/alibaba/dubbo/2.5.3/dubbo-2.5.3.jar:/Users/hank/work/dn_workspace_doing/HhMavenStudy/repository/test/repository/org/springframework/spring/2.5.6.SEC03/spring-2.5.6.SEC03.jar:/Users/hank/work/dn_workspace_doing/HhMavenStudy/repository/test/repository/commons-logging/commons-logging/1.1.1/commons-logging-1.1.1.jar:/Users/hank/work/dn_workspace_doing/HhMavenStudy/repository/test/repository/org/javassist/javassist/3.15.0-GA/javassist-3.15.0-GA.jar:/Users/hank/work/dn_workspace_doing/HhMavenStudy/repository/test/repository/org/jboss/netty/netty/3.2.5.Final/netty-3.2.5.Final.jar:"/>
    <property name="java.vm.specification.version" value="1.8"/>
    <property name="sun.arch.data.model" value="64"/>
    <property name="java.home" value="/Library/Java/JavaVirtualMachines/jdk1.8.0_201.jdk/Contents/Home/jre"/>
    <property name="sun.java.command" value="/Users/hank/work/dn_workspace_doing/HhMavenStudy/repository/target/surefire/surefirebooter4756676929836921262.jar /Users/hank/work/dn_workspace_doing/HhMavenStudy/repository/target/surefire/surefire6160569137033097871tmp /Users/hank/work/dn_workspace_doing/HhMavenStudy/repository/target/surefire/surefire5436055018694526443tmp"/>
    <property name="java.specification.vendor" value="Oracle Corporation"/>
    <property name="user.language" value="zh"/>
    <property name="user.language.format" value="en"/>
    <property name="awt.toolkit" value="sun.lwawt.macosx.LWCToolkit"/>
    <property name="java.vm.info" value="mixed mode"/>
    <property name="java.version" value="1.8.0_201"/>
    <property name="java.ext.dirs" value="/Users/hank/Library/Java/Extensions:/Library/Java/JavaVirtualMachines/jdk1.8.0_201.jdk/Contents/Home/jre/lib/ext:/Library/Java/Extensions:/Network/Library/Java/Extensions:/System/Library/Java/Extensions:/usr/lib/java"/>
    <property name="sun.boot.class.path" value="/Library/Java/JavaVirtualMachines/jdk1.8.0_201.jdk/Contents/Home/jre/lib/resources.jar:/Library/Java/JavaVirtualMachines/jdk1.8.0_201.jdk/Contents/Home/jre/lib/rt.jar:/Library/Java/JavaVirtualMachines/jdk1.8.0_201.jdk/Contents/Home/jre/lib/sunrsasign.jar:/Library/Java/JavaVirtualMachines/jdk1.8.0_201.jdk/Contents/Home/jre/lib/jsse.jar:/Library/Java/JavaVirtualMachines/jdk1.8.0_201.jdk/Contents/Home/jre/lib/jce.jar:/Library/Java/JavaVirtualMachines/jdk1.8.0_201.jdk/Contents/Home/jre/lib/charsets.jar:/Library/Java/JavaVirtualMachines/jdk1.8.0_201.jdk/Contents/Home/jre/lib/jfr.jar:/Library/Java/JavaVirtualMachines/jdk1.8.0_201.jdk/Contents/Home/jre/classes"/>
    <property name="java.vendor" value="Oracle Corporation"/>
    <property name="localRepository" value="/Users/hank/work/dn_workspace_doing/HhMavenStudy/repository/test/repository"/>
    <property name="file.separator" value="/"/>
    <property name="java.vendor.url.bug" value="http://bugreport.sun.com/bugreport/"/>
    <property name="sun.cpu.endian" value="little"/>
    <property name="sun.io.unicode.encoding" value="UnicodeBig"/>
    <property name="sun.cpu.isalist" value=""/>
  </properties>
  <testcase classname="com.dongnao.mall.LoginRepositoryTest" name="loginTest" time="0.005"/>
</testsuite>